<?xml version="1.0" encoding="UTF-8"?>
<testsuite xmlns:xsi="http://www.w3.org/2001/XMLSchema-instance" xsi:noNamespaceSchemaLocation="https://maven.apache.org/surefire/maven-surefire-plugin/xsd/surefire-test-report.xsd" name="g55870.luckynumbers.model.GameTest" time="0.246" tests="43" errors="0" skipped="0" failures="0">
  <properties>
[...]
</properties>
  <testcase name="isInside_position_when_col_is_too_big" classname="g55870.luckynumbers.model.GameTest" time="0.093"/>
  <testcase name="faceUpTileCount_when_boardcell_is_occupied" classname="g55870.luckynumbers.model.GameTest" time="0"/>
  <testcase name="startTest_when_game_in_progress_ISE" classname="g55870.luckynumbers.model.GameTest" time="0.007"/>
  <testcase name="getBoardSize_false_when_diff_value_than_method" classname="g55870.luckynumbers.model.GameTest" time="0.011"/>
  <testcase name="startTest_playerCount_too_big_Exception" classname="g55870.luckynumbers.model.GameTest" time="0.003"/>
  <testcase name="getPickedTile" classname="g55870.luckynumbers.model.GameTest" time="0.002"/>
  <testcase name="startTest_state_changed_to_PICK_TILE" classname="g55870.luckynumbers.model.GameTest" time="0.008"/>
  <testcase name="dropTile_1_tile_isUp" classname="g55870.luckynumbers.model.GameTest" time="0.001"/>
  <testcase name="isInside_position_when_col_is_too_small" classname="g55870.luckynumbers.model.GameTest" time="0.002"/>
  <testcase name="canTileBePut_false_when_same_value_up" classname="g55870.luckynumbers.model.GameTest" time="0.002"/>
  <testcase name="canTileBePut_false_when_smaller_value_right" classname="g55870.luckynumbers.model.GameTest" time="0.001"/>
  <testcase name="pickFaceDownTile_Exception" classname="g55870.luckynumbers.model.GameTest" time="0.002"/>
  <testcase name="canTileBePut_false_when_same_value_right" classname="g55870.luckynumbers.model.GameTest" time="0.002"/>
  <testcase name="dropTile_when_no_dropTile" classname="g55870.luckynumbers.model.GameTest" time="0.002"/>
  <testcase name="startTest_playerCount_too_small_Exception" classname="g55870.luckynumbers.model.GameTest" time="0.002"/>
  <testcase name="isInside_true_when_second_col" classname="g55870.luckynumbers.model.GameTest" time="0.004"/>
  <testcase name="startTest_playerCount_minimum_accepted" classname="g55870.luckynumbers.model.GameTest" time="0.001"/>
  <testcase name="startTest_playerCount_maximum_accepted" classname="g55870.luckynumbers.model.GameTest" time="0.001"/>
  <testcase name="isInside_true_if_row_is_too_big" classname="g55870.luckynumbers.model.GameTest" time="0.002"/>
  <testcase name="getTile" classname="g55870.luckynumbers.model.GameTest" time="0.001"/>
  <testcase name="startTest_when_game_not_startTested_ok" classname="g55870.luckynumbers.model.GameTest" time="0.001"/>
  <testcase name="faceDownTileCount_when_playercount_is_4_with_diagonal_already_puted_randomly" classname="g55870.luckynumbers.model.GameTest" time="0.001"/>
  <testcase name="isInside_true_when_last_col" classname="g55870.luckynumbers.model.GameTest" time="0.001"/>
  <testcase name="isInside_true_when_last_row" classname="g55870.luckynumbers.model.GameTest" time="0.001"/>
  <testcase name="dropTile_when_all_tiles_are_faceup" classname="g55870.luckynumbers.model.GameTest" time="0.001"/>
  <testcase name="getCurrentPlayer_if_first_Player_played" classname="g55870.luckynumbers.model.GameTest" time="0.001"/>
  <testcase name="getBoardSize_true_when_same_value_than_method" classname="g55870.luckynumbers.model.GameTest" time="0.001"/>
  <testcase name="dropTile_Exception" classname="g55870.luckynumbers.model.GameTest" time="0.002"/>
  <testcase name="canTileBePut_false_when_same_value_at_left" classname="g55870.luckynumbers.model.GameTest" time="0.001"/>
  <testcase name="startTest_when_game_over_ok" classname="g55870.luckynumbers.model.GameTest" time="0.001"/>
  <testcase name="canTileBePut_false_when_same_value_down" classname="g55870.luckynumbers.model.GameTest" time="0.001"/>
  <testcase name="pickFaceUpTile_when_tile_doesnt_exist_Exception" classname="g55870.luckynumbers.model.GameTest" time="0.002"/>
  <testcase name="getCurrentPlayer_if_last_Player_played" classname="g55870.luckynumbers.model.GameTest" time="0.001"/>
  <testcase name="canTileBePut_false_when_bigger_value_left" classname="g55870.luckynumbers.model.GameTest" time="0.001"/>
  <testcase name="faceDownTileCount_when_playercount_is_2_with_diagonal_already_puted_randomly" classname="g55870.luckynumbers.model.GameTest" time="0.001"/>
  <testcase name="startTest_current_player_is_player_0" classname="g55870.luckynumbers.model.GameTest" time="0.001"/>
  <testcase name="faceDownTileCount_when_playercount_is_2" classname="g55870.luckynumbers.model.GameTest" time="0.002"/>
  <testcase name="faceDownTileCount_when_playercount_is_4" classname="g55870.luckynumbers.model.GameTest" time="0.001"/>
  <testcase name="pickFaceDownTile" classname="g55870.luckynumbers.model.GameTest" time="0.001"/>
  <testcase name="canTileBePut_false_when_smaller_value_down" classname="g55870.luckynumbers.model.GameTest" time="0.001"/>
  <testcase name="canTileBePut_true_when_empty_spots" classname="g55870.luckynumbers.model.GameTest" time="0.002"/>
  <testcase name="startTest_playerCount_initialized" classname="g55870.luckynumbers.model.GameTest" time="0.002"/>
  <testcase name="isInside_true_when_first_row" classname="g55870.luckynumbers.model.GameTest" time="0.001"/>
</testsuite>